"Start of log file."
"C:/Users/cropm/OneDrive/Documents/GitHub/A2-GameProduction/A2 Unity Engine Project/Assets/Danny/Assets/3D/NOD Flame Tank/Textures/NUFlameTankR02.max"
"Starting max loading and fbx conversion"
window = undefined
"Settings units"
"Before fbx export"
"After fbx export"
"Finished max loading and fbx conversion"
"C:/Users/cropm/OneDrive/Documents/GitHub/A2-GameProduction/A2 Unity Engine Project/Assets/Danny/Assets/3D/NOD Flame Tank/Textures/NUFlameTank_SKN_L.max"
"Starting max loading and fbx conversion"
window = undefined
"Settings units"
"Before fbx export"
"After fbx export"
"Finished max loading and fbx conversion"
"C:/Users/cropm/OneDrive/Documents/GitHub/A2-GameProduction/A2 Unity Engine Project/Assets/Danny/Assets/3D/NOD Flame Tank/Textures/NUFlameTankR01.max"
"Starting max loading and fbx conversion"
window = undefined
"Settings units"
"Before fbx export"
"After fbx export"
"Finished max loading and fbx conversion"
"C:/Users/cropm/OneDrive/Documents/GitHub/A2-GameProduction/A2 Unity Engine Project/Assets/Danny/Assets/3D/NOD Flame Tank/Textures/NUFlameTankR04.max"
"Starting max loading and fbx conversion"
window = undefined
"Settings units"
"Before fbx export"
"After fbx export"
"Finished max loading and fbx conversion"
"C:/Users/cropm/OneDrive/Documents/GitHub/A2-GameProduction/A2 Unity Engine Project/Assets/Danny/Assets/3D/NOD Flame Tank/Textures/NUFlameTankR05.max"
"Starting max loading and fbx conversion"
window = undefined
"Settings units"
"Before fbx export"
"After fbx export"
"Finished max loading and fbx conversion"
"C:/Users/cropm/OneDrive/Documents/GitHub/A2-GameProduction/A2 Unity Engine Project/Assets/Danny/Assets/3D/NOD Flame Tank/Textures/NUFlameTankR03.max"
"Starting max loading and fbx conversion"
window = undefined
"Settings units"
"Before fbx export"
"After fbx export"
"Finished max loading and fbx conversion"
"C:/Users/cropm/OneDrive/Documents/GitHub/A2-GameProduction/A2 Unity Engine Project/Assets/Danny/Assets/3D/NOD Flame Tank/Textures/NUFlameTankR.max"
"Starting max loading and fbx conversion"
window = undefined
"Settings units"
"Before fbx export"
"After fbx export"
"Finished max loading and fbx conversion"
"C:/Users/cropm/OneDrive/Documents/GitHub/A2-GameProduction/A2 Unity Engine Project/Assets/Danny/Assets/3D/NOD Flame Tank/Textures/NUFlameTankD.max"
"Starting max loading and fbx conversion"
window = undefined
"Settings units"
"Before fbx export"
"After fbx export"
"Finished max loading and fbx conversion"
